21:12:40 **** Incremental Build of configuration Debug for project draftsenior ****
make all 
Building file: ../src/main.cpp
Invoking: Cross G++ Compiler
g++ -O0 -g3 -Wall -c -fmessage-length=0 -MMD -MP -MF"src/main.d" -MT"src/main.d" -o "src/main.o" "../src/main.cpp"
In file included from /usr/include/c++/4.8/algorithm:62:0,
                 from ../src/main.cpp:21:
/usr/include/c++/4.8/bits/stl_algo.h: In instantiation of ‘void std::sort(_RAIter, _RAIter) [with _RAIter = std::_Rb_tree_iterator<std::pair<const player, int> >]’:
../src/main.cpp:36:45:   required from here
/usr/include/c++/4.8/bits/stl_algo.h:5461:22: error: no match for ‘operator-’ (operand types are ‘std::_Rb_tree_iterator<std::pair<const player, int> >’ and ‘std::_Rb_tree_iterator<std::pair<const player, int> >’)
     std::__lg(__last - __first) * 2);
                      ^
/usr/include/c++/4.8/bits/stl_algo.h:5461:22: note: candidates are:
In file included from /usr/include/c++/4.8/bits/stl_algobase.h:67:0,
                 from /usr/include/c++/4.8/bits/stl_tree.h:61,
                 from /usr/include/c++/4.8/map:60,
                 from ../src/main.cpp:1:
/usr/include/c++/4.8/bits/stl_iterator.h:327:5: note: template<class _Iterator> typename std::reverse_iterator<_Iterator>::difference_type std::operator-(const std::reverse_iterator<_Iterator>&, const std::reverse_iterator<_Iterator>&)
     operator-(const reverse_iterator<_Iterator>& __x,
     ^
/usr/include/c++/4.8/bits/stl_iterator.h:327:5: note:   template argument deduction/substitution failed:
In file included from /usr/include/c++/4.8/algorithm:62:0,
                 from ../src/main.cpp:21:
/usr/include/c++/4.8/bits/stl_algo.h:5461:22: note:   ‘std::_Rb_tree_iterator<std::pair<const player, int> >’ is not derived from ‘const std::reverse_iterator<_Iterator>’
     std::__lg(__last - __first) * 2);
                      ^
In file included from /usr/include/c++/4.8/bits/stl_algobase.h:67:0,
                 from /usr/include/c++/4.8/bits/stl_tree.h:61,
                 from /usr/include/c++/4.8/map:60,
                 from ../src/main.cpp:1:
/usr/include/c++/4.8/bits/stl_iterator.h:384:5: note: template<class _IteratorL, class _IteratorR> typename std::reverse_iterator<_Iterator>::difference_type std::operator-(const std::reverse_iterator<_Iterator>&, const std::reverse_iterator<_IteratorR>&)
     operator-(const reverse_iterator<_IteratorL>& __x,
     ^
/usr/include/c++/4.8/bits/stl_iterator.h:384:5: note:   template argument deduction/substitution failed:
In file included from /usr/include/c++/4.8/algorithm:62:0,
                 from ../src/main.cpp:21:
/usr/include/c++/4.8/bits/stl_algo.h:5461:22: note:   ‘std::_Rb_tree_iterator<std::pair<const player, int> >’ is not derived from ‘const std::reverse_iterator<_Iterator>’
     std::__lg(__last - __first) * 2);
                      ^
In file included from /usr/include/c++/4.8/deque:64:0,
                 from ../src/main.cpp:6:
/usr/include/c++/4.8/bits/stl_deque.h:331:5: note: template<class _Tp, class _Ref, class _Ptr> typename std::_Deque_iterator<_Tp, _Ref, _Ptr>::difference_type std::operator-(const std::_Deque_iterator<_Tp, _Ref, _Ptr>&, const std::_Deque_iterator<_Tp, _Ref, _Ptr>&)
     operator-(const _Deque_iterator<_Tp, _Ref, _Ptr>& __x,
     ^
/usr/include/c++/4.8/bits/stl_deque.h:331:5: note:   template argument deduction/substitution failed:
In file included from /usr/include/c++/4.8/algorithm:62:0,
                 from ../src/main.cpp:21:
/usr/include/c++/4.8/bits/stl_algo.h:5461:22: note:   ‘std::_Rb_tree_iterator<std::pair<const player, int> >’ is not derived from ‘const std::_Deque_iterator<_Tp, _Ref, _Ptr>’
     std::__lg(__last - __first) * 2);
                      ^
In file included from /usr/include/c++/4.8/deque:64:0,
                 from ../src/main.cpp:6:
/usr/include/c++/4.8/bits/stl_deque.h:343:5: note: template<class _Tp, class _RefL, class _PtrL, class _RefR, class _PtrR> typename std::_Deque_iterator<_Tp, _Ref, _Ptr>::difference_type std::operator-(const std::_Deque_iterator<_Tp, _Ref, _Ptr>&, const std::_Deque_iterator<_Tp, _RefR, _PtrR>&)
     operator-(const _Deque_iterator<_Tp, _RefL, _PtrL>& __x,
     ^
/usr/include/c++/4.8/bits/stl_deque.h:343:5: note:   template argument deduction/substitution failed:
In file included from /usr/include/c++/4.8/algorithm:62:0,
                 from ../src/main.cpp:21:
/usr/include/c++/4.8/bits/stl_algo.h:5461:22: note:   ‘std::_Rb_tree_iterator<std::pair<const player, int> >’ is not derived from ‘const std::_Deque_iterator<_Tp, _Ref, _Ptr>’
     std::__lg(__last - __first) * 2);
                      ^
In file included from /usr/include/c++/4.8/vector:65:0,
                 from /usr/include/c++/4.8/queue:61,
                 from ../src/main.cpp:7:
/usr/include/c++/4.8/bits/stl_bvector.h:208:3: note: std::ptrdiff_t std::operator-(const std::_Bit_iterator_base&, const std::_Bit_iterator_base&)
   operator-(const _Bit_iterator_base& __x, const _Bit_iterator_base& __y)
   ^
/usr/include/c++/4.8/bits/stl_bvector.h:208:3: note:   no known conversion for argument 1 from ‘std::_Rb_tree_iterator<std::pair<const player, int> >’ to ‘const std::_Bit_iterator_base&’
In file included from /usr/include/c++/4.8/bits/stl_tree.h:63:0,
                 from /usr/include/c++/4.8/map:60,
                 from ../src/main.cpp:1:
/usr/include/c++/4.8/bits/stl_function.h: In instantiation of ‘bool std::less<_Tp>::operator()(const _Tp&, const _Tp&) const [with _Tp = player]’:
/usr/include/c++/4.8/bits/stl_tree.h:1324:11:   required from ‘std::pair<std::_Rb_tree_node_base*, std::_Rb_tree_node_base*> std::_Rb_tree<_Key, _Val, _KeyOfValue, _Compare, _Alloc>::_M_get_insert_unique_pos(const key_type&) [with _Key = player; _Val = std::pair<const player, int>; _KeyOfValue = std::_Select1st<std::pair<const player, int> >; _Compare = std::less<player>; _Alloc = std::allocator<std::pair<const player, int> >; std::_Rb_tree<_Key, _Val, _KeyOfValue, _Compare, _Alloc>::key_type = player]’
/usr/include/c++/4.8/bits/stl_tree.h:1377:47:   required from ‘std::pair<std::_Rb_tree_iterator<_Val>, bool> std::_Rb_tree<_Key, _Val, _KeyOfValue, _Compare, _Alloc>::_M_insert_unique(const _Val&) [with _Key = player; _Val = std::pair<const player, int>; _KeyOfValue = std::_Select1st<std::pair<const player, int> >; _Compare = std::less<player>; _Alloc = std::allocator<std::pair<const player, int> >]’
/usr/include/c++/4.8/bits/stl_map.h:595:41:   required from ‘std::pair<typename std::_Rb_tree<_Key, std::pair<const _Key, _Tp>, std::_Select1st<std::pair<const _Key, _Tp> >, _Compare, typename _Alloc::rebind<std::pair<const _Key, _Tp> >::other>::iterator, bool> std::map<_Key, _Tp, _Compare, _Alloc>::insert(const value_type&) [with _Key = player; _Tp = int; _Compare = std::less<player>; _Alloc = std::allocator<std::pair<const player, int> >; typename std::_Rb_tree<_Key, std::pair<const _Key, _Tp>, std::_Select1st<std::pair<const _Key, _Tp> >, _Compare, typename _Alloc::rebind<std::pair<const _Key, _Tp> >::other>::iterator = std::_Rb_tree_iterator<std::pair<const player, int> >; std::map<_Key, _Tp, _Compare, _Alloc>::value_type = std::pair<const player, int>]’
../src/main.cpp:34:47:   required from here
/usr/include/c++/4.8/bits/stl_function.h:235:20: error: no match for ‘operator<’ (operand types are ‘const player’ and ‘const player’)
       { return __x < __y; }
                    ^
/usr/include/c++/4.8/bits/stl_function.h:235:20: note: candidates are:
In file included from /usr/include/c++/4.8/bits/stl_algobase.h:64:0,
                 from /usr/include/c++/4.8/bits/stl_tree.h:61,
                 from /usr/include/c++/4.8/map:60,
                 from ../src/main.cpp:1:
/usr/include/c++/4.8/bits/stl_pair.h:220:5: note: template<class _T1, class _T2> bool std::operator<(const std::pair<_T1, _T2>&, const std::pair<_T1, _T2>&)
     operator<(const pair<_T1, _T2>& __x, const pair<_T1, _T2>& __y)
     ^
/usr/include/c++/4.8/bits/stl_pair.h:220:5: note:   template argument deduction/substitution failed:
In file included from /usr/include/c++/4.8/bits/stl_tree.h:63:0,
                 from /usr/include/c++/4.8/map:60,
                 from ../src/main.cpp:1:
/usr/include/c++/4.8/bits/stl_function.h:235:20: note:   ‘const player’ is not derived from ‘const std::pair<_T1, _T2>’
       { return __x < __y; }
                    ^
In file included from /usr/include/c++/4.8/bits/stl_algobase.h:67:0,
                 from /usr/include/c++/4.8/bits/stl_tree.h:61,
                 from /usr/include/c++/4.8/map:60,
                 from ../src/main.cpp:1:
/usr/include/c++/4.8/bits/stl_iterator.h:297:5: note: template<class _Iterator> bool std::operator<(const std::reverse_iterator<_Iterator>&, const std::reverse_iterator<_Iterator>&)
     operator<(const reverse_iterator<_Iterator>& __x,
     ^
/usr/include/c++/4.8/bits/stl_iterator.h:297:5: note:   template argument deduction/substitution failed:
In file included from /usr/include/c++/4.8/bits/stl_tree.h:63:0,
                 from /usr/include/c++/4.8/map:60,
                 from ../src/main.cpp:1:
/usr/include/c++/4.8/bits/stl_function.h:235:20: note:   ‘const player’ is not derived from ‘const std::reverse_iterator<_Iterator>’
       { return __x < __y; }
                    ^
In file included from /usr/include/c++/4.8/bits/stl_algobase.h:67:0,
                 from /usr/include/c++/4.8/bits/stl_tree.h:61,
                 from /usr/include/c++/4.8/map:60,
                 from ../src/main.cpp:1:
/usr/include/c++/4.8/bits/stl_iterator.h:347:5: note: template<class _IteratorL, class _IteratorR> bool std::operator<(const std::reverse_iterator<_Iterator>&, const std::reverse_iterator<_IteratorR>&)
     operator<(const reverse_iterator<_IteratorL>& __x,
     ^
/usr/include/c++/4.8/bits/stl_iterator.h:347:5: note:   template argument deduction/substitution failed:
In file included from /usr/include/c++/4.8/bits/stl_tree.h:63:0,
                 from /usr/include/c++/4.8/map:60,
                 from ../src/main.cpp:1:
/usr/include/c++/4.8/bits/stl_function.h:235:20: note:   ‘const player’ is not derived from ‘const std::reverse_iterator<_Iterator>’
       { return __x < __y; }
                    ^
In file included from /usr/include/c++/4.8/map:60:0,
                 from ../src/main.cpp:1:
/usr/include/c++/4.8/bits/stl_tree.h:917:5: note: template<class _Key, class _Val, class _KeyOfValue, class _Compare, class _Alloc> bool std::operator<(const std::_Rb_tree<_Key, _Val, _KeyOfValue, _Compare, _Alloc>&, const std::_Rb_tree<_Key, _Val, _KeyOfValue, _Compare, _Alloc>&)
     operator<(const _Rb_tree<_Key, _Val, _KeyOfValue, _Compare, _Alloc>& __x,
     ^
/usr/include/c++/4.8/bits/stl_tree.h:917:5: note:   template argument deduction/substitution failed:
In file included from /usr/include/c++/4.8/bits/stl_tree.h:63:0,
                 from /usr/include/c++/4.8/map:60,
                 from ../src/main.cpp:1:
/usr/include/c++/4.8/bits/stl_function.h:235:20: note:   ‘const player’ is not derived from ‘const std::_Rb_tree<_Key, _Val, _KeyOfValue, _Compare, _Alloc>’
       { return __x < __y; }
                    ^
In file included from /usr/include/c++/4.8/map:61:0,
                 from ../src/main.cpp:1:
/usr/include/c++/4.8/bits/stl_map.h:979:5: note: template<class _Key, class _Tp, class _Compare, class _Alloc> bool std::operator<(const std::map<_Key, _Tp, _Compare, _Alloc>&, const std::map<_Key, _Tp, _Compare, _Alloc>&)
     operator<(const map<_Key, _Tp, _Compare, _Alloc>& __x,
     ^
/usr/include/c++/4.8/bits/stl_map.h:979:5: note:   template argument deduction/substitution failed:
In file included from /usr/include/c++/4.8/bits/stl_tree.h:63:0,
                 from /usr/include/c++/4.8/map:60,
                 from ../src/main.cpp:1:
/usr/include/c++/4.8/bits/stl_function.h:235:20: note:   ‘const player’ is not derived from ‘const std::map<_Key, _Tp, _Compare, _Alloc>’
       { return __x < __y; }
                    ^
In file included from /usr/include/c++/4.8/map:62:0,
                 from ../src/main.cpp:1:
/usr/include/c++/4.8/bits/stl_multimap.h:881:5: note: template<class _Key, class _Tp, class _Compare, class _Alloc> bool std::operator<(const std::multimap<_Key, _Tp, _Compare, _Alloc>&, const std::multimap<_Key, _Tp, _Compare, _Alloc>&)
     operator<(const multimap<_Key, _Tp, _Compare, _Alloc>& __x,
     ^
/usr/include/c++/4.8/bits/stl_multimap.h:881:5: note:   template argument deduction/substitution failed:
In file included from /usr/include/c++/4.8/bits/stl_tree.h:63:0,
                 from /usr/include/c++/4.8/map:60,
                 from ../src/main.cpp:1:
/usr/include/c++/4.8/bits/stl_function.h:235:20: note:   ‘const player’ is not derived from ‘const std::multimap<_Key, _Tp, _Compare, _Alloc>’
       { return __x < __y; }
                    ^
In file included from /usr/include/c++/4.8/set:61:0,
                 from ../src/main.cpp:2:
/usr/include/c++/4.8/bits/stl_set.h:771:5: note: template<class _Key, class _Compare, class _Alloc> bool std::operator<(const std::set<_Key, _Compare, _Alloc>&, const std::set<_Key, _Compare, _Alloc>&)
     operator<(const set<_Key, _Compare, _Alloc>& __x,
     ^
/usr/include/c++/4.8/bits/stl_set.h:771:5: note:   template argument deduction/substitution failed:
In file included from /usr/include/c++/4.8/bits/stl_tree.h:63:0,
                 from /usr/include/c++/4.8/map:60,
                 from ../src/main.cpp:1:
/usr/include/c++/4.8/bits/stl_function.h:235:20: note:   ‘const player’ is not derived from ‘const std::set<_Key, _Compare, _Alloc>’
       { return __x < __y; }
                    ^
In file included from /usr/include/c++/4.8/set:62:0,
                 from ../src/main.cpp:2:
/usr/include/c++/4.8/bits/stl_multiset.h:756:5: note: template<class _Key, class _Compare, class _Alloc> bool std::operator<(const std::multiset<_Key, _Compare, _Alloc>&, const std::multiset<_Key, _Compare, _Alloc>&)
     operator<(const multiset<_Key, _Compare, _Alloc>& __x,
     ^
/usr/include/c++/4.8/bits/stl_multiset.h:756:5: note:   template argument deduction/substitution failed:
In file included from /usr/include/c++/4.8/bits/stl_tree.h:63:0,
                 from /usr/include/c++/4.8/map:60,
                 from ../src/main.cpp:1:
/usr/include/c++/4.8/bits/stl_function.h:235:20: note:   ‘const player’ is not derived from ‘const std::multiset<_Key, _Compare, _Alloc>’
       { return __x < __y; }
                    ^
In file included from /usr/include/c++/4.8/list:63:0,
                 from ../src/main.cpp:3:
/usr/include/c++/4.8/bits/stl_list.h:1631:5: note: template<class _Tp, class _Alloc> bool std::operator<(const std::list<_Tp, _Alloc>&, const std::list<_Tp, _Alloc>&)
     operator<(const list<_Tp, _Alloc>& __x, const list<_Tp, _Alloc>& __y)
     ^
/usr/include/c++/4.8/bits/stl_list.h:1631:5: note:   template argument deduction/substitution failed:
In file included from /usr/include/c++/4.8/bits/stl_tree.h:63:0,
                 from /usr/include/c++/4.8/map:60,
                 from ../src/main.cpp:1:
/usr/include/c++/4.8/bits/stl_function.h:235:20: note:   ‘const player’ is not derived from ‘const std::list<_Tp, _Alloc>’
       { return __x < __y; }
                    ^
In file included from /usr/include/c++/4.8/deque:64:0,
                 from ../src/main.cpp:6:
/usr/include/c++/4.8/bits/stl_deque.h:273:5: note: template<class _Tp, class _Ref, class _Ptr> bool std::operator<(const std::_Deque_iterator<_Tp, _Ref, _Ptr>&, const std::_Deque_iterator<_Tp, _Ref, _Ptr>&)
     operator<(const _Deque_iterator<_Tp, _Ref, _Ptr>& __x,
     ^
/usr/include/c++/4.8/bits/stl_deque.h:273:5: note:   template argument deduction/substitution failed:
In file included from /usr/include/c++/4.8/bits/stl_tree.h:63:0,
                 from /usr/include/c++/4.8/map:60,
                 from ../src/main.cpp:1:
/usr/include/c++/4.8/bits/stl_function.h:235:20: note:   ‘const player’ is not derived from ‘const std::_Deque_iterator<_Tp, _Ref, _Ptr>’
       { return __x < __y; }
                    ^
In file included from /usr/include/c++/4.8/deque:64:0,
                 from ../src/main.cpp:6:
/usr/include/c++/4.8/bits/stl_deque.h:281:5: note: template<class _Tp, class _RefL, class _PtrL, class _RefR, class _PtrR> bool std::operator<(const std::_Deque_iterator<_Tp, _Ref, _Ptr>&, const std::_Deque_iterator<_Tp, _RefR, _PtrR>&)
     operator<(const _Deque_iterator<_Tp, _RefL, _PtrL>& __x,
     ^
/usr/include/c++/4.8/bits/stl_deque.h:281:5: note:   template argument deduction/substitution failed:
In file included from /usr/include/c++/4.8/bits/stl_tree.h:63:0,
                 from /usr/include/c++/4.8/map:60,
                 from ../src/main.cpp:1:
/usr/include/c++/4.8/bits/stl_function.h:235:20: note:   ‘const player’ is not derived from ‘const std::_Deque_iterator<_Tp, _Ref, _Ptr>’
       { return __x < __y; }
                    ^
In file included from /usr/include/c++/4.8/deque:64:0,
                 from ../src/main.cpp:6:
/usr/include/c++/4.8/bits/stl_deque.h:1975:5: note: template<class _Tp, class _Alloc> bool std::operator<(const std::deque<_Tp, _Alloc>&, const std::deque<_Tp, _Alloc>&)
     operator<(const deque<_Tp, _Alloc>& __x,
     ^
/usr/include/c++/4.8/bits/stl_deque.h:1975:5: note:   template argument deduction/substitution failed:
In file included from /usr/include/c++/4.8/bits/stl_tree.h:63:0,
                 from /usr/include/c++/4.8/map:60,
                 from ../src/main.cpp:1:
/usr/include/c++/4.8/bits/stl_function.h:235:20: note:   ‘const player’ is not derived from ‘const std::deque<_Tp, _Alloc>’
       { return __x < __y; }
                    ^
In file included from /usr/include/c++/4.8/vector:64:0,
                 from /usr/include/c++/4.8/queue:61,
                 from ../src/main.cpp:7:
/usr/include/c++/4.8/bits/stl_vector.h:1421:5: note: template<class _Tp, class _Alloc> bool std::operator<(const std::vector<_Tp, _Alloc>&, const std::vector<_Tp, _Alloc>&)
     operator<(const vector<_Tp, _Alloc>& __x, const vector<_Tp, _Alloc>& __y)
     ^
/usr/include/c++/4.8/bits/stl_vector.h:1421:5: note:   template argument deduction/substitution failed:
In file included from /usr/include/c++/4.8/bits/stl_tree.h:63:0,
                 from /usr/include/c++/4.8/map:60,
                 from ../src/main.cpp:1:
/usr/include/c++/4.8/bits/stl_function.h:235:20: note:   ‘const player’ is not derived from ‘const std::vector<_Tp, _Alloc>’
       { return __x < __y; }
                    ^
In file included from /usr/include/c++/4.8/queue:64:0,
                 from ../src/main.cpp:7:
/usr/include/c++/4.8/bits/stl_queue.h:286:5: note: template<class _Tp, class _Seq> bool std::operator<(const std::queue<_Tp, _Seq>&, const std::queue<_Tp, _Seq>&)
     operator<(const queue<_Tp, _Seq>& __x, const queue<_Tp, _Seq>& __y)
     ^
/usr/include/c++/4.8/bits/stl_queue.h:286:5: note:   template argument deduction/substitution failed:
In file included from /usr/include/c++/4.8/bits/stl_tree.h:63:0,
                 from /usr/include/c++/4.8/map:60,
                 from ../src/main.cpp:1:
/usr/include/c++/4.8/bits/stl_function.h:235:20: note:   ‘const player’ is not derived from ‘const std::queue<_Tp, _Seq>’
       { return __x < __y; }
                    ^
In file included from /usr/include/c++/4.8/stack:61:0,
                 from ../src/main.cpp:8:
/usr/include/c++/4.8/bits/stl_stack.h:261:5: note: template<class _Tp, class _Seq> bool std::operator<(const std::stack<_Tp, _Seq>&, const std::stack<_Tp, _Seq>&)
     operator<(const stack<_Tp, _Seq>& __x, const stack<_Tp, _Seq>& __y)
     ^
/usr/include/c++/4.8/bits/stl_stack.h:261:5: note:   template argument deduction/substitution failed:
In file included from /usr/include/c++/4.8/bits/stl_tree.h:63:0,
                 from /usr/include/c++/4.8/map:60,
                 from ../src/main.cpp:1:
/usr/include/c++/4.8/bits/stl_function.h:235:20: note:   ‘const player’ is not derived from ‘const std::stack<_Tp, _Seq>’
       { return __x < __y; }
                    ^
In file included from /usr/include/c++/4.8/string:52:0,
                 from ../src/main.cpp:9:
/usr/include/c++/4.8/bits/basic_string.h:2569:5: note: template<class _CharT, class _Traits, class _Alloc> bool std::operator<(const std::basic_string<_CharT, _Traits, _Alloc>&, const std::basic_string<_CharT, _Traits, _Alloc>&)
     operator<(const basic_string<_CharT, _Traits, _Alloc>& __lhs,
     ^
/usr/include/c++/4.8/bits/basic_string.h:2569:5: note:   template argument deduction/substitution failed:
In file included from /usr/include/c++/4.8/bits/stl_tree.h:63:0,
                 from /usr/include/c++/4.8/map:60,
                 from ../src/main.cpp:1:
/usr/include/c++/4.8/bits/stl_function.h:235:20: note:   ‘const player’ is not derived from ‘const std::basic_string<_CharT, _Traits, _Alloc>’
       { return __x < __y; }
                    ^
In file included from /usr/include/c++/4.8/string:52:0,
                 from ../src/main.cpp:9:
/usr/include/c++/4.8/bits/basic_string.h:2581:5: note: template<class _CharT, class _Traits, class _Alloc> bool std::operator<(const std::basic_string<_CharT, _Traits, _Alloc>&, const _CharT*)
     operator<(const basic_string<_CharT, _Traits, _Alloc>& __lhs,
     ^
/usr/include/c++/4.8/bits/basic_string.h:2581:5: note:   template argument deduction/substitution failed:
In file included from /usr/include/c++/4.8/bits/stl_tree.h:63:0,
                 from /usr/include/c++/4.8/map:60,
                 from ../src/main.cpp:1:
/usr/include/c++/4.8/bits/stl_function.h:235:20: note:   ‘const player’ is not derived from ‘const std::basic_string<_CharT, _Traits, _Alloc>’
       { return __x < __y; }
                    ^
In file included from /usr/include/c++/4.8/string:52:0,
                 from ../src/main.cpp:9:
/usr/include/c++/4.8/bits/basic_string.h:2593:5: note: template<class _CharT, class _Traits, class _Alloc> bool std::operator<(const _CharT*, const std::basic_string<_CharT, _Traits, _Alloc>&)
     operator<(const _CharT* __lhs,
     ^
/usr/include/c++/4.8/bits/basic_string.h:2593:5: note:   template argument deduction/substitution failed:
In file included from /usr/include/c++/4.8/bits/stl_tree.h:63:0,
                 from /usr/include/c++/4.8/map:60,
                 from ../src/main.cpp:1:
/usr/include/c++/4.8/bits/stl_function.h:235:20: note:   mismatched types ‘const _CharT*’ and ‘player’
       { return __x < __y; }
                    ^
make: *** [src/main.o] Error 1

21:12:46 Build Finished (took 6s.258ms)

